{"timestamp":"2025-07-07 11:02:35","user_id":1,"username":"admin","action":"Th\u00eam nh\u00e2n s\u1ef1 m\u1edbi","details":"Hu\u1ef3nh Thanh Long (NV001)","ip_address":"::1"}
{"timestamp":"2025-07-07 11:43:31","user_id":1,"username":"admin","action":"Th\u00eam nh\u00e2n s\u1ef1 m\u1edbi","details":"\u0110o\u00e0n Tr\u00ed Kh\u01b0\u01a1ng (NV002)","ip_address":"::1"}
{"timestamp":"2025-07-07 11:51:00","user_id":1,"username":"admin","action":"T\u1ea1o t\u00e0i kho\u1ea3n \u0111\u0103ng nh\u1eadp","details":"Username: vu cho nh\u00e2n s\u1ef1 f\u00e1df","ip_address":"::1"}
{"timestamp":"2025-07-07 11:51:00","user_id":1,"username":"admin","action":"Th\u00eam nh\u00e2n s\u1ef1 m\u1edbi","details":"f\u00e1df (23123)","ip_address":"::1"}
{"timestamp":"2025-07-07 11:52:40","user_id":1,"username":"admin","action":"T\u1ea1o t\u00e0i kho\u1ea3n \u0111\u0103ng nh\u1eadp","details":"Username: nghiatt cho nh\u00e2n s\u1ef1 3123123","ip_address":"::1"}
{"timestamp":"2025-07-07 11:52:40","user_id":1,"username":"admin","action":"Th\u00eam nh\u00e2n s\u1ef1 m\u1edbi","details":"3123123 (213123)","ip_address":"::1"}
{"timestamp":"2025-07-07 17:43:15","user_id":1,"username":"admin","action":"T\u1ea1o t\u00e0i kho\u1ea3n \u0111\u0103ng nh\u1eadp","details":"Username: usertest cho nh\u00e2n s\u1ef1 Tr\u1ea7n Tr\u1ecdng Ngh\u0129a","ip_address":"::1"}
{"timestamp":"2025-07-07 17:43:15","user_id":1,"username":"admin","action":"Th\u00eam nh\u00e2n s\u1ef1 m\u1edbi","details":"Tr\u1ea7n Tr\u1ecdng Ngh\u0129a (NV003)","ip_address":"::1"}
{"timestamp":"2025-07-07 19:20:25","user_id":1,"username":"admin","action":"T\u1ea1o t\u00e0i kho\u1ea3n \u0111\u0103ng nh\u1eadp","details":"Username: longht cho nh\u00e2n s\u1ef1 Hu\u1ef3nh Thanh Long","ip_address":"::1"}
{"timestamp":"2025-07-07 19:20:25","user_id":1,"username":"admin","action":"Th\u00eam nh\u00e2n s\u1ef1 m\u1edbi","details":"Hu\u1ef3nh Thanh Long (NV001)","ip_address":"::1"}
{"timestamp":"2025-07-08 03:42:53","user_id":1,"username":"admin","action":"change_password","details":"\u0110\u1ed5i m\u1eadt kh\u1ea9u th\u00e0nh c\u00f4ng","ip_address":"::1"}
{"timestamp":"2025-07-08 03:52:32","user_id":9,"username":"longht","action":"change_password","details":"\u0110\u1ed5i m\u1eadt kh\u1ea9u th\u00e0nh c\u00f4ng","ip_address":"::1"}
{"timestamp":"2025-07-09 16:17:49","user_id":1,"username":"admin","action":"change_password","details":"\u0110\u1ed5i m\u1eadt kh\u1ea9u th\u00e0nh c\u00f4ng","ip_address":"::1"}
{"timestamp":"2025-07-10 03:36:34","user_id":1,"username":"admin","action":"T\u1ea1o t\u00e0i kho\u1ea3n \u0111\u0103ng nh\u1eadp","details":"Username: longht cho nh\u00e2n s\u1ef1 Hu\u1ef3nh Thanh Long","ip_address":"::1"}
{"timestamp":"2025-07-10 03:36:34","user_id":1,"username":"admin","action":"Th\u00eam nh\u00e2n s\u1ef1 m\u1edbi","details":"Hu\u1ef3nh Thanh Long (NV001)","ip_address":"::1"}
{"timestamp":"2025-07-10 03:41:11","user_id":1,"username":"admin","action":"T\u1ea1o t\u00e0i kho\u1ea3n \u0111\u0103ng nh\u1eadp","details":"Username: khuongdt cho nh\u00e2n s\u1ef1 \u0110o\u00e0n Tr\u00ed Kh\u01b0\u01a1ng","ip_address":"::1"}
{"timestamp":"2025-07-10 03:41:11","user_id":1,"username":"admin","action":"Th\u00eam nh\u00e2n s\u1ef1 m\u1edbi","details":"\u0110o\u00e0n Tr\u00ed Kh\u01b0\u01a1ng (NV002)","ip_address":"::1"}
{"timestamp":"2025-07-10 04:02:18","user_id":1,"username":"admin","action":"T\u1ea1o t\u00e0i kho\u1ea3n \u0111\u0103ng nh\u1eadp","details":"Username: khuongdt cho nh\u00e2n s\u1ef1 Tr\u1ea7n Tr\u1ecdng Ngh\u0129a","ip_address":"::1"}
{"timestamp":"2025-07-10 04:02:18","user_id":1,"username":"admin","action":"Th\u00eam nh\u00e2n s\u1ef1 m\u1edbi","details":"Tr\u1ea7n Tr\u1ecdng Ngh\u0129a (NV003)","ip_address":"::1"}
{"timestamp":"2025-07-10 10:43:22","user_id":1,"username":"admin","action":"T\u1ea1o t\u00e0i kho\u1ea3n \u0111\u0103ng nh\u1eadp","details":"Username: longht cho nh\u00e2n s\u1ef1 f\u00e1df","ip_address":"::1"}
{"timestamp":"2025-07-10 10:43:22","user_id":1,"username":"admin","action":"Th\u00eam nh\u00e2n s\u1ef1 m\u1edbi","details":"f\u00e1df (NV001)","ip_address":"::1"}
{"timestamp":"2025-07-10 11:32:14","user_id":1,"username":"admin","action":"T\u1ea1o t\u00e0i kho\u1ea3n \u0111\u0103ng nh\u1eadp","details":"Username: loclm cho nh\u00e2n s\u1ef1 L\u00ea Minh L\u1ed9c","ip_address":"::1"}
{"timestamp":"2025-07-10 11:32:14","user_id":1,"username":"admin","action":"Th\u00eam nh\u00e2n s\u1ef1 m\u1edbi","details":"L\u00ea Minh L\u1ed9c (NV001)","ip_address":"::1"}
{"timestamp":"2025-07-10 11:33:47","user_id":1,"username":"admin","action":"T\u1ea1o t\u00e0i kho\u1ea3n \u0111\u0103ng nh\u1eadp","details":"Username: dungtd cho nh\u00e2n s\u1ef1 Tr\u01b0\u01a1ng \u0110\u1ee9c H\u1ea1nh Dung","ip_address":"::1"}
{"timestamp":"2025-07-10 11:33:47","user_id":1,"username":"admin","action":"Th\u00eam nh\u00e2n s\u1ef1 m\u1edbi","details":"Tr\u01b0\u01a1ng \u0110\u1ee9c H\u1ea1nh Dung (NV002)","ip_address":"::1"}
{"timestamp":"2025-07-12 18:28:44","user_id":18,"username":"khuongdt","action":"avatar_update","details":"C\u1eadp nh\u1eadt \u1ea3nh \u0111\u1ea1i di\u1ec7n","ip_address":"::1"}
