{"timestamp":"2025-07-08 11:33:33","user_id":1,"username":"admin","action":"X\u00f3a c\u00f4ng ty \u0111\u1ed1i t\u00e1c","details":"X\u00f3a c\u00f4ng ty \u0111\u1ed1i t\u00e1c: C\u00f4ng ty TNHH T\u01b0 v\u1ea5n JKL (ID: 5)","ip_address":"::1"}
{"timestamp":"2025-07-08 11:33:34","user_id":1,"username":"admin","action":"X\u00f3a c\u00f4ng ty \u0111\u1ed1i t\u00e1c","details":"X\u00f3a c\u00f4ng ty \u0111\u1ed1i t\u00e1c: C\u00f4ng ty TNHH Ph\u1ea7n m\u1ec1m ABC (ID: 1)","ip_address":"::1"}
{"timestamp":"2025-07-08 11:33:37","user_id":1,"username":"admin","action":"X\u00f3a c\u00f4ng ty \u0111\u1ed1i t\u00e1c","details":"X\u00f3a c\u00f4ng ty \u0111\u1ed1i t\u00e1c: C\u00f4ng ty TNHH Gi\u1ea3i ph\u00e1p s\u1ed1 DEF (ID: 3)","ip_address":"::1"}
{"timestamp":"2025-07-08 11:33:39","user_id":1,"username":"admin","action":"X\u00f3a c\u00f4ng ty \u0111\u1ed1i t\u00e1c","details":"X\u00f3a c\u00f4ng ty \u0111\u1ed1i t\u00e1c: C\u00f4ng ty C\u1ed5 ph\u1ea7n D\u1ecbch v\u1ee5 GHI (ID: 4)","ip_address":"::1"}
{"timestamp":"2025-07-08 11:33:41","user_id":1,"username":"admin","action":"X\u00f3a c\u00f4ng ty \u0111\u1ed1i t\u00e1c","details":"X\u00f3a c\u00f4ng ty \u0111\u1ed1i t\u00e1c: C\u00f4ng ty C\u1ed5 ph\u1ea7n C\u00f4ng ngh\u1ec7 XYZ (ID: 2)","ip_address":"::1"}
{"timestamp":"2025-07-09 04:23:58","user_id":1,"username":"admin","action":"T\u1ea1o c\u00f4ng ty \u0111\u1ed1i t\u00e1c","details":"T\u1ea1o c\u00f4ng ty \u0111\u1ed1i t\u00e1c: f\u00e1df\u00e1df","ip_address":"::1"}
{"timestamp":"2025-07-09 04:24:23","user_id":1,"username":"admin","action":"T\u1ea1o ph\u00f2ng ban","details":"T\u1ea1o ph\u00f2ng ban: fadsfadf","ip_address":"::1"}
{"timestamp":"2025-07-09 04:58:44","user_id":1,"username":"admin","action":"C\u1eadp nh\u1eadt c\u00f4ng ty \u0111\u1ed1i t\u00e1c","details":"C\u1eadp nh\u1eadt c\u00f4ng ty \u0111\u1ed1i t\u00e1c ID: 6 - AICe (Chi\u1ebfu S\u00e1ng \u0110i\u1ec7n T\u1eed)","ip_address":"::1"}
{"timestamp":"2025-07-09 05:28:40","user_id":1,"username":"admin","action":"C\u1eadp nh\u1eadt ph\u00f2ng ban","details":"C\u1eadp nh\u1eadt ph\u00f2ng ban ID: 6 - fadsfadfgsgfsfgsfggfs","ip_address":"::1"}
{"timestamp":"2025-07-09 05:36:28","user_id":1,"username":"admin","action":"T\u1ea1o ph\u00f2ng ban","details":"T\u1ea1o ph\u00f2ng ban: ff\u00e1df","ip_address":"::1"}
{"timestamp":"2025-07-09 05:36:39","user_id":1,"username":"admin","action":"C\u1eadp nh\u1eadt ph\u00f2ng ban","details":"C\u1eadp nh\u1eadt ph\u00f2ng ban ID: 1 - Ph\u00f2ng IT","ip_address":"::1"}
{"timestamp":"2025-07-09 05:43:46","user_id":1,"username":"admin","action":"X\u00f3a ph\u00f2ng ban","details":"X\u00f3a ph\u00f2ng ban: fadsfadfgsgfsfgsfggfs (ID: 6)","ip_address":"::1"}
{"timestamp":"2025-07-09 05:43:54","user_id":1,"username":"admin","action":"X\u00f3a ph\u00f2ng ban","details":"X\u00f3a ph\u00f2ng ban: ff\u00e1df (ID: 7)","ip_address":"::1"}
{"timestamp":"2025-07-09 05:45:58","user_id":1,"username":"admin","action":"C\u1eadp nh\u1eadt ph\u00f2ng ban","details":"C\u1eadp nh\u1eadt ph\u00f2ng ban ID: 1 - Ph\u00f2ng IT","ip_address":"::1"}
{"timestamp":"2025-07-09 05:47:08","user_id":1,"username":"admin","action":"C\u1eadp nh\u1eadt ph\u00f2ng ban","details":"C\u1eadp nh\u1eadt ph\u00f2ng ban ID: 1 - Ph\u00f2ng IT","ip_address":"::1"}
{"timestamp":"2025-07-09 05:47:17","user_id":1,"username":"admin","action":"T\u1ea1o ph\u00f2ng ban","details":"T\u1ea1o ph\u00f2ng ban: f\u00e1df","ip_address":"::1"}
{"timestamp":"2025-07-09 05:47:58","user_id":1,"username":"admin","action":"X\u00f3a ph\u00f2ng ban","details":"X\u00f3a ph\u00f2ng ban: f\u00e1df (ID: 8)","ip_address":"::1"}
{"timestamp":"2025-07-09 05:48:09","user_id":1,"username":"admin","action":"X\u00f3a ph\u00f2ng ban","details":"X\u00f3a ph\u00f2ng ban: Ph\u00f2ng IT (ID: 1)","ip_address":"::1"}
{"timestamp":"2025-07-09 06:06:12","user_id":1,"username":"admin","action":"T\u1ea1o ph\u00f2ng ban","details":"T\u1ea1o ph\u00f2ng ban: f\u00e1df","ip_address":"::1"}
{"timestamp":"2025-07-09 06:06:22","user_id":1,"username":"admin","action":"C\u1eadp nh\u1eadt c\u00f4ng ty \u0111\u1ed1i t\u00e1c","details":"C\u1eadp nh\u1eadt c\u00f4ng ty \u0111\u1ed1i t\u00e1c ID: 6 - AICe (Chi\u1ebfu S\u00e1ng \u0110i\u1ec7n T\u1eed)                                                                                                            Ho\u1ea1t \u0111\u1ed9ng","ip_address":"::1"}
{"timestamp":"2025-07-09 06:13:23","user_id":1,"username":"admin","action":"T\u1ea1o c\u00f4ng ty \u0111\u1ed1i t\u00e1c","details":"T\u1ea1o c\u00f4ng ty \u0111\u1ed1i t\u00e1c: \u0111\u00c2SF","ip_address":"::1"}
{"timestamp":"2025-07-09 06:15:58","user_id":1,"username":"admin","action":"T\u1ea1o ph\u00f2ng ban","details":"T\u1ea1o ph\u00f2ng ban: FADSF","ip_address":"::1"}
{"timestamp":"2025-07-09 06:16:43","user_id":1,"username":"admin","action":"X\u00f3a c\u00f4ng ty \u0111\u1ed1i t\u00e1c","details":"X\u00f3a c\u00f4ng ty \u0111\u1ed1i t\u00e1c: AICe (Chi\u1ebfu S\u00e1ng \u0110i\u1ec7n T\u1eed)                                                                                                            Ho\u1ea1t \u0111\u1ed9ng (ID: 6)","ip_address":"::1"}
{"timestamp":"2025-07-09 06:26:58","user_id":1,"username":"admin","action":"X\u00f3a c\u00f4ng ty \u0111\u1ed1i t\u00e1c","details":"X\u00f3a c\u00f4ng ty \u0111\u1ed1i t\u00e1c: AMPERE (ID: 7)","ip_address":"::1"}
{"timestamp":"2025-07-09 06:27:42","user_id":1,"username":"admin","action":"T\u1ea1o c\u00f4ng ty \u0111\u1ed1i t\u00e1c","details":"T\u1ea1o c\u00f4ng ty \u0111\u1ed1i t\u00e1c: dhdfg","ip_address":"::1"}
{"timestamp":"2025-07-09 06:41:14","user_id":1,"username":"admin","action":"T\u1ea1o c\u00f4ng ty \u0111\u1ed1i t\u00e1c","details":"T\u1ea1o c\u00f4ng ty \u0111\u1ed1i t\u00e1c: f\u00e1d","ip_address":"::1"}
{"timestamp":"2025-07-09 06:52:52","user_id":1,"username":"admin","action":"X\u00f3a ph\u00f2ng ban","details":"X\u00f3a ph\u00f2ng ban: f\u00e1df (ID: 9)","ip_address":"::1"}
{"timestamp":"2025-07-09 06:52:55","user_id":1,"username":"admin","action":"X\u00f3a ph\u00f2ng ban","details":"X\u00f3a ph\u00f2ng ban: FADSF (ID: 10)","ip_address":"::1"}
{"timestamp":"2025-07-09 06:52:59","user_id":1,"username":"admin","action":"X\u00f3a c\u00f4ng ty \u0111\u1ed1i t\u00e1c","details":"X\u00f3a c\u00f4ng ty \u0111\u1ed1i t\u00e1c: AURECON (ID: 8)","ip_address":"::1"}
{"timestamp":"2025-07-09 09:02:28","user_id":1,"username":"admin","action":"X\u00f3a c\u00f4ng ty \u0111\u1ed1i t\u00e1c","details":"X\u00f3a c\u00f4ng ty \u0111\u1ed1i t\u00e1c: \u0111\u00c2SF (ID: 52)","ip_address":"::1"}
{"timestamp":"2025-07-09 09:18:45","user_id":1,"username":"admin","action":"T\u1ea1o c\u00f4ng ty \u0111\u1ed1i t\u00e1c","details":"T\u1ea1o c\u00f4ng ty \u0111\u1ed1i t\u00e1c: C\u00d4NG TY TNHH LAPBEE","ip_address":"::1"}
{"timestamp":"2025-07-09 09:34:54","user_id":1,"username":"admin","action":"X\u00f3a ph\u00f2ng ban","details":"X\u00f3a ph\u00f2ng ban: Ph\u00f2ng Nh\u00e2n s\u1ef1 (ID: 2)","ip_address":"::1"}
{"timestamp":"2025-07-09 09:37:37","user_id":1,"username":"admin","action":"T\u1ea1o c\u00f4ng ty EU","details":"T\u1ea1o c\u00f4ng ty EU: gsfdg","ip_address":"::1"}
{"timestamp":"2025-07-09 09:37:58","user_id":1,"username":"admin","action":"T\u1ea1o c\u00f4ng ty \u0111\u1ed1i t\u00e1c","details":"T\u1ea1o c\u00f4ng ty \u0111\u1ed1i t\u00e1c: fadsf","ip_address":"::1"}
{"timestamp":"2025-07-09 09:38:07","user_id":1,"username":"admin","action":"X\u00f3a c\u00f4ng ty \u0111\u1ed1i t\u00e1c","details":"X\u00f3a c\u00f4ng ty \u0111\u1ed1i t\u00e1c: fadsf (ID: 56)","ip_address":"::1"}
{"timestamp":"2025-07-09 09:38:19","user_id":1,"username":"admin","action":"X\u00f3a c\u00f4ng ty EU","details":"X\u00f3a c\u00f4ng ty EU: gsfdg (ID: 16)","ip_address":"::1"}
{"timestamp":"2025-07-09 09:38:57","user_id":1,"username":"admin","action":"X\u00f3a c\u00f4ng ty EU","details":"X\u00f3a c\u00f4ng ty EU: Vodafone Group Plc (ID: 13)","ip_address":"::1"}
{"timestamp":"2025-07-09 09:38:59","user_id":1,"username":"admin","action":"X\u00f3a c\u00f4ng ty EU","details":"X\u00f3a c\u00f4ng ty EU: STMicroelectronics NV (ID: 11)","ip_address":"::1"}
{"timestamp":"2025-07-09 09:39:03","user_id":1,"username":"admin","action":"X\u00f3a c\u00f4ng ty EU","details":"X\u00f3a c\u00f4ng ty EU: Spotify Technology SA (ID: 15)","ip_address":"::1"}
{"timestamp":"2025-07-09 09:39:05","user_id":1,"username":"admin","action":"X\u00f3a c\u00f4ng ty EU","details":"X\u00f3a c\u00f4ng ty EU: Siemens AG (ID: 1)","ip_address":"::1"}
{"timestamp":"2025-07-09 09:39:07","user_id":1,"username":"admin","action":"X\u00f3a c\u00f4ng ty EU","details":"X\u00f3a c\u00f4ng ty EU: Schneider Electric SE (ID: 5)","ip_address":"::1"}
{"timestamp":"2025-07-09 09:39:27","user_id":1,"username":"admin","action":"T\u1ea1o c\u00f4ng ty EU","details":"T\u1ea1o c\u00f4ng ty EU: test","ip_address":"::1"}
{"timestamp":"2025-07-09 09:40:09","user_id":1,"username":"admin","action":"T\u1ea1o c\u00f4ng ty \u0111\u1ed1i t\u00e1c","details":"T\u1ea1o c\u00f4ng ty \u0111\u1ed1i t\u00e1c: test","ip_address":"::1"}
{"timestamp":"2025-07-09 09:42:49","user_id":1,"username":"admin","action":"T\u1ea1o c\u00f4ng ty \u0111\u1ed1i t\u00e1c","details":"T\u1ea1o c\u00f4ng ty \u0111\u1ed1i t\u00e1c: Smart Services","ip_address":"::1"}
{"timestamp":"2025-07-09 09:47:59","user_id":1,"username":"admin","action":"T\u1ea1o c\u00f4ng ty \u0111\u1ed1i t\u00e1c","details":"T\u1ea1o c\u00f4ng ty \u0111\u1ed1i t\u00e1c: f\u00e1d","ip_address":"::1"}
{"timestamp":"2025-07-09 10:20:43","user_id":1,"username":"admin","action":"T\u1ea1o c\u00f4ng ty \u0111\u1ed1i t\u00e1c","details":"T\u1ea1o c\u00f4ng ty \u0111\u1ed1i t\u00e1c: \u00e1df\u00e1df","ip_address":"::1"}
{"timestamp":"2025-07-09 10:28:53","user_id":1,"username":"admin","action":"C\u1eadp nh\u1eadt c\u00f4ng ty EU","details":"C\u1eadp nh\u1eadt c\u00f4ng ty EU ID: 14 - Deutsche Telekom AG","ip_address":"::1"}
{"timestamp":"2025-07-09 10:29:01","user_id":1,"username":"admin","action":"C\u1eadp nh\u1eadt c\u00f4ng ty EU","details":"C\u1eadp nh\u1eadt c\u00f4ng ty EU ID: 3 - ASML Holding NV","ip_address":"::1"}
{"timestamp":"2025-07-09 10:42:21","user_id":1,"username":"admin","action":"C\u1eadp nh\u1eadt ph\u00f2ng ban","details":"C\u1eadp nh\u1eadt ph\u00f2ng ban ID: 3 - Ph\u00f2ng K\u1ebf to\u00e1n","ip_address":"::1"}
{"timestamp":"2025-07-09 10:42:23","user_id":1,"username":"admin","action":"C\u1eadp nh\u1eadt ph\u00f2ng ban","details":"C\u1eadp nh\u1eadt ph\u00f2ng ban ID: 5 - Ph\u00f2ng Kinh doanh","ip_address":"::1"}
{"timestamp":"2025-07-09 10:42:26","user_id":1,"username":"admin","action":"C\u1eadp nh\u1eadt c\u00f4ng ty EU","details":"C\u1eadp nh\u1eadt c\u00f4ng ty EU ID: 9 - ABB Ltd","ip_address":"::1"}
{"timestamp":"2025-07-09 10:42:59","user_id":1,"username":"admin","action":"X\u00f3a c\u00f4ng ty \u0111\u1ed1i t\u00e1c","details":"X\u00f3a c\u00f4ng ty \u0111\u1ed1i t\u00e1c: f\u00e1d (ID: 59)","ip_address":"::1"}
{"timestamp":"2025-07-09 10:43:03","user_id":1,"username":"admin","action":"X\u00f3a c\u00f4ng ty \u0111\u1ed1i t\u00e1c","details":"X\u00f3a c\u00f4ng ty \u0111\u1ed1i t\u00e1c: \u00e1df\u00e1df (ID: 60)","ip_address":"::1"}
{"timestamp":"2025-07-09 12:05:29","user_id":1,"username":"admin","action":"C\u1eadp nh\u1eadt c\u00f4ng ty \u0111\u1ed1i t\u00e1c","details":"C\u1eadp nh\u1eadt c\u00f4ng ty \u0111\u1ed1i t\u00e1c ID: 107 - C\u00d4NG TY TR\u00c1CH NHI\u1ec6M H\u1eeeU H\u1ea0N AMPERE COMPUTING VIETNAM","ip_address":"::1"}
{"timestamp":"2025-07-09 12:06:54","user_id":1,"username":"admin","action":"T\u1ea1o c\u00f4ng ty \u0111\u1ed1i t\u00e1c","details":"T\u1ea1o c\u00f4ng ty \u0111\u1ed1i t\u00e1c: test t\u00ean c\u00f4ng ty","ip_address":"::1"}
{"timestamp":"2025-07-09 12:07:07","user_id":1,"username":"admin","action":"X\u00f3a c\u00f4ng ty \u0111\u1ed1i t\u00e1c","details":"X\u00f3a c\u00f4ng ty \u0111\u1ed1i t\u00e1c: test t\u00ean c\u00f4ng ty (ID: 151)","ip_address":"::1"}
{"timestamp":"2025-07-09 12:08:22","user_id":1,"username":"admin","action":"C\u1eadp nh\u1eadt c\u00f4ng ty \u0111\u1ed1i t\u00e1c","details":"C\u1eadp nh\u1eadt c\u00f4ng ty \u0111\u1ed1i t\u00e1c ID: 107 - C\u00d4NG TY TR\u00c1CH NHI\u1ec6M H\u1eeeU H\u1ea0N AMPERE COMPUTING VIETNAM","ip_address":"::1"}
{"timestamp":"2025-07-09 12:38:40","user_id":1,"username":"admin","action":"C\u1eadp nh\u1eadt c\u00f4ng ty \u0111\u1ed1i t\u00e1c","details":"C\u1eadp nh\u1eadt c\u00f4ng ty \u0111\u1ed1i t\u00e1c ID: 138 - C\u00d4NG TY TNHH XI M\u0102NG SCG VI\u1ec6T NAM (CHI NH\u00c1NH TP.HCM)","ip_address":"::1"}
{"timestamp":"2025-07-09 12:39:18","user_id":1,"username":"admin","action":"C\u1eadp nh\u1eadt c\u00f4ng ty \u0111\u1ed1i t\u00e1c","details":"C\u1eadp nh\u1eadt c\u00f4ng ty \u0111\u1ed1i t\u00e1c ID: 147 - C\u00d4NG TY TNHH UGREEN GROUP VI\u1ec6T NAM","ip_address":"::1"}
{"timestamp":"2025-07-09 16:18:32","user_id":1,"username":"admin","action":"X\u00f3a ph\u00f2ng ban","details":"X\u00f3a ph\u00f2ng ban: Ph\u00f2ng Marketing (ID: 4)","ip_address":"::1"}
{"timestamp":"2025-07-09 16:18:35","user_id":1,"username":"admin","action":"X\u00f3a ph\u00f2ng ban","details":"X\u00f3a ph\u00f2ng ban: Ph\u00f2ng Kinh doanh (ID: 5)","ip_address":"::1"}
{"timestamp":"2025-07-09 16:18:39","user_id":1,"username":"admin","action":"X\u00f3a ph\u00f2ng ban","details":"X\u00f3a ph\u00f2ng ban: Ph\u00f2ng K\u1ebf to\u00e1n (ID: 3)","ip_address":"::1"}
{"timestamp":"2025-07-09 16:19:02","user_id":1,"username":"admin","action":"T\u1ea1o ph\u00f2ng ban","details":"T\u1ea1o ph\u00f2ng ban: Ph\u00f2ng Nh\u00e2n S\u1ef1","ip_address":"::1"}
{"timestamp":"2025-07-09 16:19:22","user_id":1,"username":"admin","action":"T\u1ea1o ph\u00f2ng ban","details":"T\u1ea1o ph\u00f2ng ban: Ph\u00f2ng IT","ip_address":"::1"}
{"timestamp":"2025-07-09 16:19:36","user_id":1,"username":"admin","action":"T\u1ea1o ph\u00f2ng ban","details":"T\u1ea1o ph\u00f2ng ban: Ph\u00f2ng Sale","ip_address":"::1"}
{"timestamp":"2025-07-09 16:37:26","user_id":1,"username":"admin","action":"T\u1ea1o ph\u00f2ng ban","details":"T\u1ea1o ph\u00f2ng ban: Ph\u00f2ng Gi\u00e1m \u0110\u1ed1c","ip_address":"::1"}
{"timestamp":"2025-07-10 09:08:02","user_id":1,"username":"admin","action":"C\u1eadp nh\u1eadt ph\u00f2ng ban","details":"C\u1eadp nh\u1eadt ph\u00f2ng ban ID: 11 - Ph\u00f2ng H\u00e0nh Ch\u00ednh Nh\u00e2n S\u1ef1","ip_address":"::1"}
{"timestamp":"2025-07-10 12:08:49","user_id":1,"username":"admin","action":"C\u1eadp nh\u1eadt ph\u00f2ng ban","details":"C\u1eadp nh\u1eadt ph\u00f2ng ban ID: 14 - BAN T\u1ed4NG GI\u00c1M \u0110\u1ed0C","ip_address":"::1"}
{"timestamp":"2025-07-10 12:08:54","user_id":1,"username":"admin","action":"C\u1eadp nh\u1eadt ph\u00f2ng ban","details":"C\u1eadp nh\u1eadt ph\u00f2ng ban ID: 11 - H\u00c0NH CH\u00cdNH NH\u00c2N S\u1ef0","ip_address":"::1"}
{"timestamp":"2025-07-10 12:08:59","user_id":1,"username":"admin","action":"C\u1eadp nh\u1eadt ph\u00f2ng ban","details":"C\u1eadp nh\u1eadt ph\u00f2ng ban ID: 12 - K\u1ebe TO\u00c1N","ip_address":"::1"}
{"timestamp":"2025-07-10 12:09:02","user_id":1,"username":"admin","action":"C\u1eadp nh\u1eadt ph\u00f2ng ban","details":"C\u1eadp nh\u1eadt ph\u00f2ng ban ID: 13 - IT","ip_address":"::1"}
{"timestamp":"2025-07-10 12:10:07","user_id":1,"username":"admin","action":"T\u1ea1o ph\u00f2ng ban","details":"T\u1ea1o ph\u00f2ng ban: KINH DOANH","ip_address":"::1"}
